<?php
/**
 * Extension local configuration
 * 
 * For Typo3 v.8 - configurePlugin will be a little bit another:
 * @TODO check this variant and test
 */

defined('TYPO3_MODE') || die('Access denied.');

call_user_func(
  function () {
    \TYPO3\CMS\Extbase\Utility\ExtensionUtility::configurePlugin(
      'TimelineVis',
      'Listing',
      [
        'Timeline' => 'list, show',
        'Point' => 'show',
      ],
      // non-cacheable actions
      [
        'Timeline' => 'list, show',
        'Point' => 'show',
      ]
    );

    \TYPO3\CMS\Extbase\Utility\ExtensionUtility::configurePlugin(
      'AK.TimelineVis',
      'JsonData',
      [
        'Ajax' => 'dispatch',
      ],
      // non-cacheable actions
      [
        'Ajax' => 'dispatch',
      ]
    );

    // Add PageTSConfig (chapter 6)
    $languageFile = 'ak_timeline/Resources/Private/Language/locallang_db.xlf';
    \TYPO3\CMS\Core\Utility\ExtensionManagementUtility::addPageTSConfig(
      'mod {
        wizards.newContentElement.wizardItems.plugins {
          elements {
            listing {
              iconIdentifier = timelinevis-plugin-listing
              title = LLL:EXT:' . $languageFile. ':tx_timelinevis_listing.name
              description = LLL:EXT:' . $languageFile. ':tx_timelinevis_listing.description
              tt_content_defValues {
                CType = list
                list_type = timelinevis_listing
              }
            }
          }
          show = *
        }
      }'
    );

    // jsondata {
    //   tt_content_defValues {
    //     CType = list
    //     list_type = timelinevis_jsondata
    //   }
    // }

    // Register extension icon (chapter 6)
    $iconRegistry = \TYPO3\CMS\Core\Utility\GeneralUtility::makeInstance(
      \TYPO3\CMS\Core\Imaging\IconRegistry::class
    );
    $iconRegistry->registerIcon(
      'timelinevis-plugin-listing',
      \TYPO3\CMS\Core\Imaging\IconProvider\SvgIconProvider::class,
      ['source' => 'EXT:ak_timeline/Resources/Public/Icons/timeline-ce.png']
    );

    // Register TypeConverter (chapter 15)
    \TYPO3\CMS\Extbase\Utility\ExtensionUtility::registerTypeConverter(
      \AK\TimelineVis\Property\TypeConverter\UploadedFileReferenceConverter::class
    );

    $GLOBALS['TYPO3_CONF_VARS']['SC_OPTIONS']['tce']['formevals'][\AK\TimelineVis\Evaluation\TimelineValidator::class] = '';
    $GLOBALS['TYPO3_CONF_VARS']['SC_OPTIONS']['tce']['formevals'][\AK\TimelineVis\Evaluation\PointValidator::class] = '';

    // Draw content into content elements
    // @TODO enhace and customize
    $GLOBALS['TYPO3_CONF_VARS']['SC_OPTIONS']['t3lib/class.t3lib_tcemain.php']['processDatamapClass']['ak_timeline_div'] = \AK\TimelineVis\Normalize::class;
  }
);
